<?xml version="1.0" encoding="UTF-8"?>
<!-- Generated by org.testng.reporters.JUnitXMLReporter -->
<testsuite ignored="0" hostname="DESKTOP-NRO9H63" failures="1" tests="1" name="Test" time="1.775" errors="0" timestamp="21 May 2021 03:40:23 GMT">
  <testcase classname="crudOperations.GetWeather" name="getResponseCall" time="1.754">
    <failure type="com.fasterxml.jackson.databind.exc.UnrecognizedPropertyException" message="Unrecognized field &amp;quot;sea_level&amp;quot; (class deserialization.getWeather.Main), not marked as ignorable (6 known properties: &amp;quot;humidity&amp;quot;, &amp;quot;temp&amp;quot;, &amp;quot;pressure&amp;quot;, &amp;quot;temp_min&amp;quot;, &amp;quot;feels_like&amp;quot;, &amp;quot;temp_max&amp;quot;])
 at [Source: (String)&amp;quot;{&amp;quot;coord&amp;quot;:{&amp;quot;lon&amp;quot;:77.2167,&amp;quot;lat&amp;quot;:28.6667},&amp;quot;weather&amp;quot;:[{&amp;quot;id&amp;quot;:803,&amp;quot;main&amp;quot;:&amp;quot;Clouds&amp;quot;,&amp;quot;description&amp;quot;:&amp;quot;broken clouds&amp;quot;,&amp;quot;icon&amp;quot;:&amp;quot;04d&amp;quot;}],&amp;quot;base&amp;quot;:&amp;quot;stations&amp;quot;,&amp;quot;main&amp;quot;:{&amp;quot;temp&amp;quot;:294.2,&amp;quot;feels_like&amp;quot;:293.82,&amp;quot;temp_min&amp;quot;:294.2,&amp;quot;temp_max&amp;quot;:298.88,&amp;quot;pressure&amp;quot;:1007,&amp;quot;humidity&amp;quot;:56,&amp;quot;sea_level&amp;quot;:1007,&amp;quot;grnd_level&amp;quot;:982},&amp;quot;visibility&amp;quot;:1800,&amp;quot;wind&amp;quot;:{&amp;quot;speed&amp;quot;:4.06,&amp;quot;deg&amp;quot;:94,&amp;quot;gust&amp;quot;:4.92},&amp;quot;clouds&amp;quot;:{&amp;quot;all&amp;quot;:75},&amp;quot;dt&amp;quot;:1621568092,&amp;quot;sys&amp;quot;:{&amp;quot;type&amp;quot;:1,&amp;quot;id&amp;quot;:9165,&amp;quot;country&amp;quot;:&amp;quot;IN&amp;quot;,&amp;quot;sunrise&amp;quot;:1621555042,&amp;quot;sunset&amp;quot;:1621604302},&amp;quot;timezone&amp;quot;:19800,&amp;quot;id&amp;quot;:1273294,&amp;quot;name&amp;quot;:&amp;quot;De&amp;quot;[truncated 15 chars]; line: 1, column: 262] (through reference chain: deserialization.getWeather.GetWeatherResponse[&amp;quot;main&amp;quot;]-&amp;gt;deserialization.getWeather.Main[&amp;quot;sea_level&amp;quot;])">
      <![CDATA[com.fasterxml.jackson.databind.exc.UnrecognizedPropertyException: Unrecognized field "sea_level" (class deserialization.getWeather.Main), not marked as ignorable (6 known properties: "humidity", "temp", "pressure", "temp_min", "feels_like", "temp_max"])
 at [Source: (String)"{"coord":{"lon":77.2167,"lat":28.6667},"weather":[{"id":803,"main":"Clouds","description":"broken clouds","icon":"04d"}],"base":"stations","main":{"temp":294.2,"feels_like":293.82,"temp_min":294.2,"temp_max":298.88,"pressure":1007,"humidity":56,"sea_level":1007,"grnd_level":982},"visibility":1800,"wind":{"speed":4.06,"deg":94,"gust":4.92},"clouds":{"all":75},"dt":1621568092,"sys":{"type":1,"id":9165,"country":"IN","sunrise":1621555042,"sunset":1621604302},"timezone":19800,"id":1273294,"name":"De"[truncated 15 chars]; line: 1, column: 262] (through reference chain: deserialization.getWeather.GetWeatherResponse["main"]->deserialization.getWeather.Main["sea_level"])
at com.fasterxml.jackson.databind.exc.UnrecognizedPropertyException.from(UnrecognizedPropertyException.java:61)
at com.fasterxml.jackson.databind.DeserializationContext.handleUnknownProperty(DeserializationContext.java:855)
at com.fasterxml.jackson.databind.deser.std.StdDeserializer.handleUnknownProperty(StdDeserializer.java:1212)
at com.fasterxml.jackson.databind.deser.BeanDeserializerBase.handleUnknownProperty(BeanDeserializerBase.java:1604)
at com.fasterxml.jackson.databind.deser.BeanDeserializerBase.handleUnknownVanilla(BeanDeserializerBase.java:1582)
at com.fasterxml.jackson.databind.deser.BeanDeserializer.vanillaDeserialize(BeanDeserializer.java:299)
at com.fasterxml.jackson.databind.deser.BeanDeserializer.deserialize(BeanDeserializer.java:156)
at com.fasterxml.jackson.databind.deser.impl.FieldProperty.deserializeAndSet(FieldProperty.java:138)
at com.fasterxml.jackson.databind.deser.BeanDeserializer.vanillaDeserialize(BeanDeserializer.java:293)
at com.fasterxml.jackson.databind.deser.BeanDeserializer.deserialize(BeanDeserializer.java:156)
at com.fasterxml.jackson.databind.ObjectMapper._readMapAndClose(ObjectMapper.java:4482)
at com.fasterxml.jackson.databind.ObjectMapper.readValue(ObjectMapper.java:3434)
at com.fasterxml.jackson.databind.ObjectMapper$readValue$0.call(Unknown Source)
at org.codehaus.groovy.runtime.callsite.CallSiteArray.defaultCall(CallSiteArray.java:47)
at org.codehaus.groovy.runtime.callsite.AbstractCallSite.call(AbstractCallSite.java:125)
at org.codehaus.groovy.runtime.callsite.AbstractCallSite.call(AbstractCallSite.java:148)
at io.restassured.internal.path.json.mapping.JsonPathJackson2ObjectDeserializer.deserialize(JsonPathJackson2ObjectDeserializer.groovy:46)
at io.restassured.path.json.mapping.JsonPathObjectDeserializer$deserialize.call(Unknown Source)
at org.codehaus.groovy.runtime.callsite.CallSiteArray.defaultCall(CallSiteArray.java:47)
at org.codehaus.groovy.runtime.callsite.AbstractCallSite.call(AbstractCallSite.java:125)
at org.codehaus.groovy.runtime.callsite.AbstractCallSite.call(AbstractCallSite.java:139)
at io.restassured.internal.mapping.Jackson2Mapper.deserialize(Jackson2Mapper.groovy:58)
at io.restassured.mapper.ObjectMapper$deserialize.call(Unknown Source)
at org.codehaus.groovy.runtime.callsite.CallSiteArray.defaultCall(CallSiteArray.java:47)
at org.codehaus.groovy.runtime.callsite.AbstractCallSite.call(AbstractCallSite.java:125)
at org.codehaus.groovy.runtime.callsite.AbstractCallSite.call(AbstractCallSite.java:139)
at io.restassured.internal.mapping.ObjectMapping.parseWithJackson2(ObjectMapping.groovy:238)
at io.restassured.internal.mapping.ObjectMapping$parseWithJackson2$0.callStatic(Unknown Source)
at org.codehaus.groovy.runtime.callsite.CallSiteArray.defaultCallStatic(CallSiteArray.java:55)
at org.codehaus.groovy.runtime.callsite.AbstractCallSite.callStatic(AbstractCallSite.java:217)
at org.codehaus.groovy.runtime.callsite.AbstractCallSite.callStatic(AbstractCallSite.java:240)
at io.restassured.internal.mapping.ObjectMapping.deserialize(ObjectMapping.groovy:59)
at io.restassured.internal.mapping.ObjectMapping$deserialize.call(Unknown Source)
at org.codehaus.groovy.runtime.callsite.CallSiteArray.defaultCall(CallSiteArray.java:47)
at org.codehaus.groovy.runtime.callsite.AbstractCallSite.call(AbstractCallSite.java:125)
at io.restassured.internal.RestAssuredResponseOptionsGroovyImpl.as(RestAssuredResponseOptionsGroovyImpl.groovy:226)
at io.restassured.internal.RestAssuredResponseOptionsImpl.as(RestAssuredResponseOptionsImpl.java:169)
at crudOperations.GetWeather.getResponseCall(GetWeather.java:23)
... Removed 25 stack frames]]>
    </failure>
  </testcase> <!-- getResponseCall -->
</testsuite> <!-- Test -->
