<?xml version="1.0" encoding="UTF-8"?>
<testng-results ignored="0" total="1" passed="1" failed="0" skipped="0">
  <reporter-output>
  </reporter-output>
  <suite started-at="2021-05-16T06:53:47Z" name="Default suite" finished-at="2021-05-16T06:53:49Z" duration-ms="2435">
    <groups>
    </groups>
    <test started-at="2021-05-16T06:53:47Z" name="Default test" finished-at="2021-05-16T06:53:49Z" duration-ms="2435">
      <class name="crudOperations.GetWeather">
        <test-method signature="getResponseCall()[pri:0, instance:crudOperations.GetWeather@1ae8bcbc]" started-at="2021-05-16T06:53:47Z" name="getResponseCall" finished-at="2021-05-16T06:53:49Z" duration-ms="2408" status="PASS">
          <reporter-output>
          </reporter-output>
        </test-method> <!-- getResponseCall -->
      </class> <!-- crudOperations.GetWeather -->
    </test> <!-- Default test -->
  </suite> <!-- Default suite -->
</testng-results>
